<?xml version="1.0" encoding="UTF-8"?>
<!-- Generated by org.testng.reporters.JUnitXMLReporter -->
<testsuite ignored="0" hostname="Asus_VB16x" failures="0" tests="7" name="Command line test" time="11.574" errors="0" timestamp="2026-09-19T18:16:05 IST">
  <testcase classname="tests.LoginTest" name="invalidLoginTest" time="0.178"/>
  <testcase classname="tests.LoginTest" name="lockedOutUserTest" time="0.169"/>
  <testcase classname="tests.LoginTest" name="validLoginTest" time="0.173"/>
  <testcase classname="tests.CartTest" name="addOneItemShowsBadgeCountOne" time="0.08"/>
  <testcase classname="tests.CartTest" name="addTwoItemsShowsBadgeCountTwo" time="0.121"/>
  <testcase classname="tests.CartTest" name="cartBadgeNotPresentWhenCartEmpty" time="0.006"/>
  <testcase classname="tests.CartTest" name="removingItemUpdatesCart" time="0.155"/>
</testsuite> <!-- Command line test -->
