<?xml version="1.0" encoding="UTF-8"?>
<testng-results ignored="0" total="7" passed="7" failed="0" skipped="0">
  <reporter-output>
  </reporter-output>
  <suite started-at="2026-09-19T18:15:53 IST" name="Command line suite" finished-at="2026-09-19T18:16:05 IST" duration-ms="11574">
    <groups>
    </groups>
    <test started-at="2026-09-19T18:15:53 IST" name="Command line test" finished-at="2026-09-19T18:16:05 IST" duration-ms="11574">
      <class name="tests.LoginTest">
        <test-method is-config="true" signature="setUp()[pri:0, instance:tests.LoginTest@530612ba]" started-at="2026-09-19T18:15:53 IST" name="setUp" finished-at="2026-09-19T18:15:55 IST" duration-ms="1726" status="PASS">
          <reporter-output>
          </reporter-output>
        </test-method> <!-- setUp -->
        <test-method signature="invalidLoginTest()[pri:0, instance:tests.LoginTest@530612ba]" started-at="2026-09-19T18:15:55 IST" name="invalidLoginTest" finished-at="2026-09-19T18:15:55 IST" duration-ms="178" status="PASS">
          <reporter-output>
          </reporter-output>
        </test-method> <!-- invalidLoginTest -->
        <test-method is-config="true" signature="tearDown()[pri:0, instance:tests.LoginTest@530612ba]" started-at="2026-09-19T18:15:55 IST" name="tearDown" finished-at="2026-09-19T18:15:55 IST" duration-ms="97" status="PASS">
          <reporter-output>
          </reporter-output>
        </test-method> <!-- tearDown -->
        <test-method is-config="true" signature="setUp()[pri:0, instance:tests.LoginTest@530612ba]" started-at="2026-09-19T18:15:55 IST" name="setUp" finished-at="2026-09-19T18:15:57 IST" duration-ms="1079" status="PASS">
          <reporter-output>
          </reporter-output>
        </test-method> <!-- setUp -->
        <test-method signature="lockedOutUserTest()[pri:0, instance:tests.LoginTest@530612ba]" started-at="2026-09-19T18:15:57 IST" name="lockedOutUserTest" finished-at="2026-09-19T18:15:57 IST" duration-ms="169" status="PASS">
          <reporter-output>
          </reporter-output>
        </test-method> <!-- lockedOutUserTest -->
        <test-method is-config="true" signature="tearDown()[pri:0, instance:tests.LoginTest@530612ba]" started-at="2026-09-19T18:15:57 IST" name="tearDown" finished-at="2026-09-19T18:15:57 IST" duration-ms="96" status="PASS">
          <reporter-output>
          </reporter-output>
        </test-method> <!-- tearDown -->
        <test-method is-config="true" signature="setUp()[pri:0, instance:tests.LoginTest@530612ba]" started-at="2026-09-19T18:15:57 IST" name="setUp" finished-at="2026-09-19T18:15:58 IST" duration-ms="847" status="PASS">
          <reporter-output>
          </reporter-output>
        </test-method> <!-- setUp -->
        <test-method signature="validLoginTest()[pri:0, instance:tests.LoginTest@530612ba]" started-at="2026-09-19T18:15:58 IST" name="validLoginTest" finished-at="2026-09-19T18:15:58 IST" duration-ms="173" status="PASS">
          <reporter-output>
          </reporter-output>
        </test-method> <!-- validLoginTest -->
        <test-method is-config="true" signature="tearDown()[pri:0, instance:tests.LoginTest@530612ba]" started-at="2026-09-19T18:15:58 IST" name="tearDown" finished-at="2026-09-19T18:15:58 IST" duration-ms="97" status="PASS">
          <reporter-output>
          </reporter-output>
        </test-method> <!-- tearDown -->
      </class> <!-- tests.LoginTest -->
      <class name="tests.CartTest">
        <test-method is-config="true" signature="setUp()[pri:0, instance:tests.CartTest@21a947fe]" started-at="2026-09-19T18:15:58 IST" name="setUp" finished-at="2026-09-19T18:16:00 IST" duration-ms="1687" status="PASS">
          <reporter-output>
          </reporter-output>
        </test-method> <!-- setUp -->
        <test-method signature="addOneItemShowsBadgeCountOne()[pri:0, instance:tests.CartTest@21a947fe]" started-at="2026-09-19T18:16:00 IST" name="addOneItemShowsBadgeCountOne" finished-at="2026-09-19T18:16:00 IST" duration-ms="80" status="PASS">
          <reporter-output>
          </reporter-output>
        </test-method> <!-- addOneItemShowsBadgeCountOne -->
        <test-method is-config="true" signature="tearDown()[pri:0, instance:tests.CartTest@21a947fe]" started-at="2026-09-19T18:16:00 IST" name="tearDown" finished-at="2026-09-19T18:16:00 IST" duration-ms="93" status="PASS">
          <reporter-output>
          </reporter-output>
        </test-method> <!-- tearDown -->
        <test-method is-config="true" signature="setUp()[pri:0, instance:tests.CartTest@21a947fe]" started-at="2026-09-19T18:16:00 IST" name="setUp" finished-at="2026-09-19T18:16:01 IST" duration-ms="1231" status="PASS">
          <reporter-output>
          </reporter-output>
        </test-method> <!-- setUp -->
        <test-method signature="addTwoItemsShowsBadgeCountTwo()[pri:0, instance:tests.CartTest@21a947fe]" started-at="2026-09-19T18:16:01 IST" name="addTwoItemsShowsBadgeCountTwo" finished-at="2026-09-19T18:16:01 IST" duration-ms="121" status="PASS">
          <reporter-output>
          </reporter-output>
        </test-method> <!-- addTwoItemsShowsBadgeCountTwo -->
        <test-method is-config="true" signature="tearDown()[pri:0, instance:tests.CartTest@21a947fe]" started-at="2026-09-19T18:16:01 IST" name="tearDown" finished-at="2026-09-19T18:16:01 IST" duration-ms="96" status="PASS">
          <reporter-output>
          </reporter-output>
        </test-method> <!-- tearDown -->
        <test-method is-config="true" signature="setUp()[pri:0, instance:tests.CartTest@21a947fe]" started-at="2026-09-19T18:16:01 IST" name="setUp" finished-at="2026-09-19T18:16:03 IST" duration-ms="1781" status="PASS">
          <reporter-output>
          </reporter-output>
        </test-method> <!-- setUp -->
        <test-method signature="cartBadgeNotPresentWhenCartEmpty()[pri:0, instance:tests.CartTest@21a947fe]" started-at="2026-09-19T18:16:03 IST" name="cartBadgeNotPresentWhenCartEmpty" finished-at="2026-09-19T18:16:03 IST" duration-ms="6" status="PASS">
          <reporter-output>
          </reporter-output>
        </test-method> <!-- cartBadgeNotPresentWhenCartEmpty -->
        <test-method is-config="true" signature="tearDown()[pri:0, instance:tests.CartTest@21a947fe]" started-at="2026-09-19T18:16:03 IST" name="tearDown" finished-at="2026-09-19T18:16:03 IST" duration-ms="90" status="PASS">
          <reporter-output>
          </reporter-output>
        </test-method> <!-- tearDown -->
        <test-method is-config="true" signature="setUp()[pri:0, instance:tests.CartTest@21a947fe]" started-at="2026-09-19T18:16:03 IST" name="setUp" finished-at="2026-09-19T18:16:05 IST" duration-ms="1635" status="PASS">
          <reporter-output>
          </reporter-output>
        </test-method> <!-- setUp -->
        <test-method signature="removingItemUpdatesCart()[pri:0, instance:tests.CartTest@21a947fe]" started-at="2026-09-19T18:16:05 IST" name="removingItemUpdatesCart" finished-at="2026-09-19T18:16:05 IST" duration-ms="155" status="PASS">
          <reporter-output>
          </reporter-output>
        </test-method> <!-- removingItemUpdatesCart -->
        <test-method is-config="true" signature="tearDown()[pri:0, instance:tests.CartTest@21a947fe]" started-at="2026-09-19T18:16:05 IST" name="tearDown" finished-at="2026-09-19T18:16:05 IST" duration-ms="98" status="PASS">
          <reporter-output>
          </reporter-output>
        </test-method> <!-- tearDown -->
      </class> <!-- tests.CartTest -->
    </test> <!-- Command line test -->
  </suite> <!-- Command line suite -->
</testng-results>
