<?xml version="1.0" encoding="UTF-8"?>
<!-- Generated by org.testng.reporters.JUnitReportReporter -->
<testsuite hostname="Asus_VB16x" failures="0" tests="3" name="tests.LoginTest" time="4.462" errors="0" timestamp="2026-09-19T18:16:05 IST" skipped="0">
  <testcase classname="tests.LoginTest" name="lockedOutUserTest" time="1.345"/>
  <testcase classname="tests.LoginTest" name="invalidLoginTest" time="1.121"/>
  <testcase classname="tests.LoginTest" name="validLoginTest" time="1.996"/>
</testsuite> <!-- tests.LoginTest -->
