<?xml version="1.0" encoding="UTF-8"?>
<!-- Generated by org.testng.reporters.JUnitReportReporter -->
<testsuite hostname="Asus_VB16x" failures="0" tests="4" name="tests.CartTest" time="7.073" errors="0" timestamp="2026-09-19T18:16:05 IST" skipped="0">
  <testcase classname="tests.CartTest" name="addTwoItemsShowsBadgeCountTwo" time="1.852"/>
  <testcase classname="tests.CartTest" name="addOneItemShowsBadgeCountOne" time="1.401"/>
  <testcase classname="tests.CartTest" name="cartBadgeNotPresentWhenCartEmpty" time="1.786"/>
  <testcase classname="tests.CartTest" name="removingItemUpdatesCart" time="2.034"/>
</testsuite> <!-- tests.CartTest -->
